This file contains any messages produced by compilers while
running configure, to aid debugging if configure makes a mistake.

It was created by gwas-pw configure 0.02, which was
generated by GNU Autoconf 2.71.  Invocation command line was

  $ ./configure

## --------- ##
## Platform. ##
## --------- ##

hostname = Varuns-MBP-3.lan
uname -m = arm64
uname -r = 23.0.0
uname -s = Darwin
uname -v = Darwin Kernel Version 23.0.0: Fri Sep 15 14:41:43 PDT 2023; root:xnu-10002.1.13~1/RELEASE_ARM64_T6000

/usr/bin/uname -p = arm
/bin/uname -X     = unknown

/bin/arch              = unknown
/usr/bin/arch -k       = unknown
/usr/convex/getsysinfo = unknown
/usr/bin/hostinfo      = Mach kernel version:
	 Darwin Kernel Version 23.0.0: Fri Sep 15 14:41:43 PDT 2023; root:xnu-10002.1.13~1/RELEASE_ARM64_T6000
Kernel configured for up to 8 processors.
8 processors are physically available.
8 processors are logically available.
Processor type: arm64e (ARM64E)
Processors active: 0 1 2 3 4 5 6 7
Primary memory available: 16.00 gigabytes
Default processor set: 411 tasks, 2902 threads, 8 processors
Load average: 1.80, Mach factor: 6.19
/bin/machine           = unknown
/usr/bin/oslevel       = unknown
/bin/universe          = unknown

PATH: /Users/varundeepakgudhe/.rvm/gems/ruby-3.0.3/bin/
PATH: /Users/varundeepakgudhe/.rvm/gems/ruby-3.0.3@global/bin/
PATH: /Users/varundeepakgudhe/.rvm/rubies/ruby-3.0.3/bin/
PATH: /Users/varundeepakgudhe/opt/anaconda3/bin/
PATH: /Users/varundeepakgudhe/opt/anaconda3/condabin/
PATH: /usr/local/bin/
PATH: /System/Cryptexes/App/usr/bin/
PATH: /usr/bin/
PATH: /bin/
PATH: /usr/sbin/
PATH: /sbin/
PATH: /Users/varundeepakgudhe/Documents/OODD/AmazeZone.com/node_modules/.bin/
PATH: /usr/local/mysql-8.0.31-macos12-arm64/bin/
PATH: /Users/varundeepakgudhe/.rvm/bin/
PATH: /opt/homebrew/bin/
PATH: /opt/homebrew/bin/


## ----------- ##
## Core tests. ##
## ----------- ##

configure:2428: looking for aux files: compile missing install-sh
configure:2441:  trying ./
configure:2470:   ./compile found
configure:2470:   ./missing found
configure:2452:   ./install-sh found
configure:2650: checking for g++
configure:2671: found /usr/bin/g++
configure:2682: result: g++
configure:2709: checking for C++ compiler version
configure:2718: g++ --version >&5
Apple clang version 14.0.3 (clang-1403.0.22.14.1)
Target: arm64-apple-darwin23.0.0
Thread model: posix
InstalledDir: /Library/Developer/CommandLineTools/usr/bin
configure:2729: $? = 0
configure:2718: g++ -v >&5
Apple clang version 14.0.3 (clang-1403.0.22.14.1)
Target: arm64-apple-darwin23.0.0
Thread model: posix
InstalledDir: /Library/Developer/CommandLineTools/usr/bin
configure:2729: $? = 0
configure:2718: g++ -V >&5
clang: error: argument to '-V' is missing (expected 1 value)
clang: error: no input files
configure:2729: $? = 1
configure:2718: g++ -qversion >&5
clang: error: unknown argument '-qversion'; did you mean '--version'?
clang: error: no input files
configure:2729: $? = 1
configure:2749: checking whether the C++ compiler works
configure:2771: g++  -I/opt/homebrew/Cellar/gsl/2.7.1/include -I/opt/homebrew/Cellar/boost/1.82.0_1/include -L/opt/homebrew/Cellar/gsl/2.7.1/lib -L/opt/homebrew/Cellar/boost/1.82.0_1/lib -lgsl -lgslcblas -lm conftest.cpp  >&5
ld: warning: dylib (/opt/homebrew/Cellar/gsl/2.7.1/lib/libgsl.dylib) was built for newer macOS version (14.0) than being linked (13.3)
ld: warning: dylib (/opt/homebrew/Cellar/gsl/2.7.1/lib/libgslcblas.dylib) was built for newer macOS version (14.0) than being linked (13.3)
configure:2775: $? = 0
configure:2825: result: yes
configure:2828: checking for C++ compiler default output file name
configure:2830: result: a.out
configure:2836: checking for suffix of executables
configure:2843: g++ -o conftest  -I/opt/homebrew/Cellar/gsl/2.7.1/include -I/opt/homebrew/Cellar/boost/1.82.0_1/include -L/opt/homebrew/Cellar/gsl/2.7.1/lib -L/opt/homebrew/Cellar/boost/1.82.0_1/lib -lgsl -lgslcblas -lm conftest.cpp  >&5
ld: warning: dylib (/opt/homebrew/Cellar/gsl/2.7.1/lib/libgslcblas.dylib) was built for newer macOS version (14.0) than being linked (13.3)
ld: warning: dylib (/opt/homebrew/Cellar/gsl/2.7.1/lib/libgsl.dylib) was built for newer macOS version (14.0) than being linked (13.3)
configure:2847: $? = 0
configure:2870: result: 
configure:2892: checking whether we are cross compiling
configure:2900: g++ -o conftest  -I/opt/homebrew/Cellar/gsl/2.7.1/include -I/opt/homebrew/Cellar/boost/1.82.0_1/include -L/opt/homebrew/Cellar/gsl/2.7.1/lib -L/opt/homebrew/Cellar/boost/1.82.0_1/lib -lgsl -lgslcblas -lm conftest.cpp  >&5
ld: warning: dylib (/opt/homebrew/Cellar/gsl/2.7.1/lib/libgslcblas.dylib) was built for newer macOS version (14.0) than being linked (13.3)
ld: warning: dylib (/opt/homebrew/Cellar/gsl/2.7.1/lib/libgsl.dylib) was built for newer macOS version (14.0) than being linked (13.3)
configure:2904: $? = 0
configure:2911: ./conftest
configure:2915: $? = 0
configure:2930: result: no
configure:2935: checking for suffix of object files
configure:2958: g++ -c  -I/opt/homebrew/Cellar/gsl/2.7.1/include -I/opt/homebrew/Cellar/boost/1.82.0_1/include conftest.cpp >&5
configure:2962: $? = 0
configure:2984: result: o
configure:2988: checking whether the compiler supports GNU C++
configure:3008: g++ -c  -I/opt/homebrew/Cellar/gsl/2.7.1/include -I/opt/homebrew/Cellar/boost/1.82.0_1/include conftest.cpp >&5
configure:3008: $? = 0
configure:3018: result: yes
configure:3029: checking whether g++ accepts -g
configure:3050: g++ -c -g -I/opt/homebrew/Cellar/gsl/2.7.1/include -I/opt/homebrew/Cellar/boost/1.82.0_1/include conftest.cpp >&5
configure:3050: $? = 0
configure:3094: result: yes
configure:3114: checking for g++ option to enable C++11 features
configure:3129: g++  -c -g -O2 -I/opt/homebrew/Cellar/gsl/2.7.1/include -I/opt/homebrew/Cellar/boost/1.82.0_1/include conftest.cpp >&5
conftest.cpp:55:3: error: "Compiler does not advertise C++11 conformance"
# error "Compiler does not advertise C++11 conformance"
  ^
conftest.cpp:60:3: error: unknown type name 'constexpr'
  constexpr int get_val() { return 20; }
  ^
conftest.cpp:72:17: error: delegating constructors are permitted only in C++11
    delegate(): delegate(2354) {}
                ^~~~~~~~
conftest.cpp:83:26: warning: 'override' keyword is a C++11 extension [-Wc++11-extensions]
    virtual int getval() override final { return this->n * 2; }
                         ^
conftest.cpp:83:35: warning: 'final' keyword is a C++11 extension [-Wc++11-extensions]
    virtual int getval() override final { return this->n * 2; }
                                  ^
conftest.cpp:90:16: warning: defaulted function definitions are a C++11 extension [-Wc++11-extensions]
    nocopy() = default;
               ^
conftest.cpp:91:29: warning: deleted function definitions are a C++11 extension [-Wc++11-extensions]
    nocopy(const nocopy&) = delete;
                            ^
conftest.cpp:92:41: warning: deleted function definitions are a C++11 extension [-Wc++11-extensions]
    nocopy & operator=(const nocopy&) = delete;
                                        ^
conftest.cpp:104:25: warning: 'auto' type specifier is a C++11 extension [-Wc++11-extensions]
  template <typename V> auto sum(V first) -> V
                        ^
conftest.cpp:104:25: error: 'auto' not allowed in function return type
  template <typename V> auto sum(V first) -> V
                        ^~~~
conftest.cpp:104:42: error: expected ';' at end of declaration
  template <typename V> auto sum(V first) -> V
                                         ^
                                         ;
conftest.cpp:104:43: error: cannot use arrow operator on a type
  template <typename V> auto sum(V first) -> V
                                          ^
conftest.cpp:108:33: warning: variadic templates are a C++11 extension [-Wc++11-extensions]
  template <typename V, typename... Args> auto sum(V first, Args... rest) -> V
                                ^
conftest.cpp:108:43: warning: 'auto' type specifier is a C++11 extension [-Wc++11-extensions]
  template <typename V, typename... Args> auto sum(V first, Args... rest) -> V
                                          ^
conftest.cpp:108:43: error: 'auto' not allowed in function return type
  template <typename V, typename... Args> auto sum(V first, Args... rest) -> V
                                          ^~~~
conftest.cpp:108:74: error: expected ';' at end of declaration
  template <typename V, typename... Args> auto sum(V first, Args... rest) -> V
                                                                         ^
                                                                         ;
conftest.cpp:108:75: error: cannot use arrow operator on a type
  template <typename V, typename... Args> auto sum(V first, Args... rest) -> V
                                                                          ^
conftest.cpp:132:3: warning: 'auto' type specifier is a C++11 extension [-Wc++11-extensions]
  auto a1 = 6538;
  ^
conftest.cpp:133:3: warning: 'auto' type specifier is a C++11 extension [-Wc++11-extensions]
  auto a2 = 48573953.4;
  ^
conftest.cpp:134:3: warning: 'auto' type specifier is a C++11 extension [-Wc++11-extensions]
  auto a3 = "String literal";
  ^
conftest.cpp:137:8: warning: 'auto' type specifier is a C++11 extension [-Wc++11-extensions]
  for (auto i = a3; *i; ++i) { total += *i; }
       ^
conftest.cpp:153:8: warning: 'auto' type specifier is a C++11 extension [-Wc++11-extensions]
  for (auto &x : array) { x += 23; }
       ^
conftest.cpp:153:16: warning: range-based for loop is a C++11 extension [-Wc++11-extensions]
  for (auto &x : array) { x += 23; }
               ^
conftest.cpp:158:17: error: expected expression
  assert (eval ([](int x) { return x*2; }, 21) == 42);
                ^
conftest.cpp:160:17: error: expected expression
  assert (eval ([&](double x) { return d += x; }, 3.0) == 5.0);
                ^
conftest.cpp:162:17: error: expected expression
  assert (eval ([=](double x) mutable { return d += x; }, 4.0) == 9.0);
                ^
conftest.cpp:168:3: warning: 'auto' type specifier is a C++11 extension [-Wc++11-extensions]
  auto a = sum(1);
  ^
conftest.cpp:168:12: error: no matching function for call to 'sum'
  auto a = sum(1);
           ^~~
conftest.cpp:169:3: warning: 'auto' type specifier is a C++11 extension [-Wc++11-extensions]
  auto b = sum(1, 2);
  ^
conftest.cpp:169:12: error: no matching function for call to 'sum'
  auto b = sum(1, 2);
           ^~~
conftest.cpp:170:3: warning: 'auto' type specifier is a C++11 extension [-Wc++11-extensions]
  auto c = sum(1.0, 2.0, 3.0);
  ^
conftest.cpp:170:12: error: no matching function for call to 'sum'
  auto c = sum(1.0, 2.0, 3.0);
           ^~~
conftest.cpp:175:25: warning: empty parentheses interpreted as a function declaration [-Wvexing-parse]
  cxx11test::delegate d2();
                        ^~
conftest.cpp:175:25: note: remove parentheses to declare a variable
  cxx11test::delegate d2();
                        ^~
conftest.cpp:188:16: error: found '<::' after a template name which forms the digraph '<:' (aka '[') and a ':', did you mean '< ::'?
  test_template<::test_template<int>> v(test_template<int>(12));
               ^~~
               < ::
conftest.cpp:188:36: error: a space is required between consecutive right angle brackets (use '> >')
  test_template<::test_template<int>> v(test_template<int>(12));
                                   ^~
                                   > >
conftest.cpp:192:22: error: use of undeclared identifier 'u8'
  char const *utf8 = u8"UTF-8 string \u2500";
                     ^
conftest.cpp:192:24: error: expected ';' at end of declaration
  char const *utf8 = u8"UTF-8 string \u2500";
                       ^
                       ;
fatal error: too many errors emitted, stopping now [-ferror-limit=]
18 warnings and 20 errors generated.
configure:3129: $? = 1
configure: failed program was:
| /* confdefs.h */
| #define PACKAGE_NAME "gwas-pw"
| #define PACKAGE_TARNAME "gwas-pw"
| #define PACKAGE_VERSION "0.02"
| #define PACKAGE_STRING "gwas-pw 0.02"
| #define PACKAGE_BUGREPORT "joepickrell@gmail.com"
| #define PACKAGE_URL "https://github.com/joepickrell/gwas-pw"
| /* end confdefs.h.  */
| 
| // Does the compiler advertise C++98 conformance?
| #if !defined __cplusplus || __cplusplus < 199711L
| # error "Compiler does not advertise C++98 conformance"
| #endif
| 
| // These inclusions are to reject old compilers that
| // lack the unsuffixed header files.
| #include <cstdlib>
| #include <exception>
| 
| // <cassert> and <cstring> are *not* freestanding headers in C++98.
| extern void assert (int);
| namespace std {
|   extern int strcmp (const char *, const char *);
| }
| 
| // Namespaces, exceptions, and templates were all added after "C++ 2.0".
| using std::exception;
| using std::strcmp;
| 
| namespace {
| 
| void test_exception_syntax()
| {
|   try {
|     throw "test";
|   } catch (const char *s) {
|     // Extra parentheses suppress a warning when building autoconf itself,
|     // due to lint rules shared with more typical C programs.
|     assert (!(strcmp) (s, "test"));
|   }
| }
| 
| template <typename T> struct test_template
| {
|   T const val;
|   explicit test_template(T t) : val(t) {}
|   template <typename U> T add(U u) { return static_cast<T>(u) + val; }
| };
| 
| } // anonymous namespace
| 
| 
| // Does the compiler advertise C++ 2011 conformance?
| #if !defined __cplusplus || __cplusplus < 201103L
| # error "Compiler does not advertise C++11 conformance"
| #endif
| 
| namespace cxx11test
| {
|   constexpr int get_val() { return 20; }
| 
|   struct testinit
|   {
|     int i;
|     double d;
|   };
| 
|   class delegate
|   {
|   public:
|     delegate(int n) : n(n) {}
|     delegate(): delegate(2354) {}
| 
|     virtual int getval() { return this->n; };
|   protected:
|     int n;
|   };
| 
|   class overridden : public delegate
|   {
|   public:
|     overridden(int n): delegate(n) {}
|     virtual int getval() override final { return this->n * 2; }
|   };
| 
|   class nocopy
|   {
|   public:
|     nocopy(int i): i(i) {}
|     nocopy() = default;
|     nocopy(const nocopy&) = delete;
|     nocopy & operator=(const nocopy&) = delete;
|   private:
|     int i;
|   };
| 
|   // for testing lambda expressions
|   template <typename Ret, typename Fn> Ret eval(Fn f, Ret v)
|   {
|     return f(v);
|   }
| 
|   // for testing variadic templates and trailing return types
|   template <typename V> auto sum(V first) -> V
|   {
|     return first;
|   }
|   template <typename V, typename... Args> auto sum(V first, Args... rest) -> V
|   {
|     return first + sum(rest...);
|   }
| }
| 
| 
| int
| main (int argc, char **argv)
| {
|   int ok = 0;
|   
|   assert (argc);
|   assert (! argv[0]);
| {
|   test_exception_syntax ();
|   test_template<double> tt (2.0);
|   assert (tt.add (4) == 6.0);
|   assert (true && !false);
| }
| 
|   
| {
|   // Test auto and decltype
|   auto a1 = 6538;
|   auto a2 = 48573953.4;
|   auto a3 = "String literal";
| 
|   int total = 0;
|   for (auto i = a3; *i; ++i) { total += *i; }
| 
|   decltype(a2) a4 = 34895.034;
| }
| {
|   // Test constexpr
|   short sa[cxx11test::get_val()] = { 0 };
| }
| {
|   // Test initializer lists
|   cxx11test::testinit il = { 4323, 435234.23544 };
| }
| {
|   // Test range-based for
|   int array[] = {9, 7, 13, 15, 4, 18, 12, 10, 5, 3,
|                  14, 19, 17, 8, 6, 20, 16, 2, 11, 1};
|   for (auto &x : array) { x += 23; }
| }
| {
|   // Test lambda expressions
|   using cxx11test::eval;
|   assert (eval ([](int x) { return x*2; }, 21) == 42);
|   double d = 2.0;
|   assert (eval ([&](double x) { return d += x; }, 3.0) == 5.0);
|   assert (d == 5.0);
|   assert (eval ([=](double x) mutable { return d += x; }, 4.0) == 9.0);
|   assert (d == 5.0);
| }
| {
|   // Test use of variadic templates
|   using cxx11test::sum;
|   auto a = sum(1);
|   auto b = sum(1, 2);
|   auto c = sum(1.0, 2.0, 3.0);
| }
| {
|   // Test constructor delegation
|   cxx11test::delegate d1;
|   cxx11test::delegate d2();
|   cxx11test::delegate d3(45);
| }
| {
|   // Test override and final
|   cxx11test::overridden o1(55464);
| }
| {
|   // Test nullptr
|   char *c = nullptr;
| }
| {
|   // Test template brackets
|   test_template<::test_template<int>> v(test_template<int>(12));
| }
| {
|   // Unicode literals
|   char const *utf8 = u8"UTF-8 string \u2500";
|   char16_t const *utf16 = u"UTF-8 string \u2500";
|   char32_t const *utf32 = U"UTF-32 string \u2500";
| }
| 
|   return ok;
| }
| 
configure:3147: result: none needed
configure:3229: checking for a BSD-compatible install
configure:3302: result: /usr/bin/install -c
configure:3313: checking whether build environment is sane
configure:3368: result: yes
configure:3527: checking for a race-free mkdir -p
configure:3571: result: /opt/homebrew/bin/gmkdir -p
configure:3578: checking for gawk
configure:3613: result: no
configure:3578: checking for mawk
configure:3613: result: no
configure:3578: checking for nawk
configure:3613: result: no
configure:3578: checking for awk
configure:3599: found /usr/bin/awk
configure:3610: result: awk
configure:3621: checking whether make sets $(MAKE)
configure:3644: result: yes
configure:3666: checking whether make supports the include directive
configure:3681: make -f confmf.GNU && cat confinc.out
this is the am__doit target
configure:3684: $? = 0
configure:3703: result: yes (GNU style)
configure:3738: checking whether make supports nested variables
configure:3756: result: yes
configure:3831: checking how to create a pax tar archive
configure:3842: tar --version
bsdtar 3.5.3 - libarchive 3.5.3 zlib/1.2.12 liblzma/5.0.5 bz2lib/1.0.8 
configure:3845: $? = 0
configure:3885: tardir=conftest.dir && eval tar --format=posix -chf - "$tardir" >conftest.tar
configure:3888: $? = 0
configure:3892: tar -xf - <conftest.tar
configure:3895: $? = 0
configure:3897: cat conftest.dir/file
GrepMe
configure:3900: $? = 0
configure:3914: result: gnutar
configure:3923: checking dependency style of g++
configure:4035: result: gcc3
configure:4171: checking for gcc
configure:4192: found /usr/bin/gcc
configure:4203: result: gcc
configure:4556: checking for C compiler version
configure:4565: gcc --version >&5
Apple clang version 14.0.3 (clang-1403.0.22.14.1)
Target: arm64-apple-darwin23.0.0
Thread model: posix
InstalledDir: /Library/Developer/CommandLineTools/usr/bin
configure:4576: $? = 0
configure:4565: gcc -v >&5
Apple clang version 14.0.3 (clang-1403.0.22.14.1)
Target: arm64-apple-darwin23.0.0
Thread model: posix
InstalledDir: /Library/Developer/CommandLineTools/usr/bin
configure:4576: $? = 0
configure:4565: gcc -V >&5
clang: error: argument to '-V' is missing (expected 1 value)
clang: error: no input files
configure:4576: $? = 1
configure:4565: gcc -qversion >&5
clang: error: unknown argument '-qversion'; did you mean '--version'?
clang: error: no input files
configure:4576: $? = 1
configure:4565: gcc -version >&5
clang: error: unknown argument '-version'; did you mean '--version'?
clang: error: no input files
configure:4576: $? = 1
configure:4580: checking whether the compiler supports GNU C
configure:4600: gcc -c  -I/opt/homebrew/Cellar/gsl/2.7.1/include -I/opt/homebrew/Cellar/boost/1.82.0_1/include conftest.c >&5
configure:4600: $? = 0
configure:4610: result: yes
configure:4621: checking whether gcc accepts -g
configure:4642: gcc -c -g -I/opt/homebrew/Cellar/gsl/2.7.1/include -I/opt/homebrew/Cellar/boost/1.82.0_1/include conftest.c >&5
configure:4642: $? = 0
configure:4686: result: yes
configure:4706: checking for gcc option to enable C11 features
configure:4721: gcc  -c -g -O2 -I/opt/homebrew/Cellar/gsl/2.7.1/include -I/opt/homebrew/Cellar/boost/1.82.0_1/include conftest.c >&5
conftest.c:25:14: warning: a function declaration without a prototype is deprecated in all versions of C and is not supported in C2x [-Wdeprecated-non-prototype]
static char *e (p, i)
             ^
1 warning generated.
configure:4721: $? = 0
configure:4739: result: none needed
configure:4855: checking whether gcc understands -c and -o together
configure:4878: gcc -c conftest.c -o conftest2.o
configure:4881: $? = 0
configure:4878: gcc -c conftest.c -o conftest2.o
configure:4881: $? = 0
configure:4893: result: yes
configure:4912: checking dependency style of gcc
configure:5024: result: gcc3
configure:5040: checking for gzopen in -lz
configure:5063: gcc -o conftest -g -O2 -I/opt/homebrew/Cellar/gsl/2.7.1/include -I/opt/homebrew/Cellar/boost/1.82.0_1/include -L/opt/homebrew/Cellar/gsl/2.7.1/lib -L/opt/homebrew/Cellar/boost/1.82.0_1/lib -lgsl -lgslcblas -lm conftest.c -lz   >&5
ld: warning: dylib (/opt/homebrew/Cellar/gsl/2.7.1/lib/libgslcblas.dylib) was built for newer macOS version (14.0) than being linked (13.3)
ld: warning: dylib (/opt/homebrew/Cellar/gsl/2.7.1/lib/libgsl.dylib) was built for newer macOS version (14.0) than being linked (13.3)
configure:5063: $? = 0
configure:5073: result: yes
configure:5085: checking for cos in -lm
configure:5108: gcc -o conftest -g -O2 -I/opt/homebrew/Cellar/gsl/2.7.1/include -I/opt/homebrew/Cellar/boost/1.82.0_1/include -L/opt/homebrew/Cellar/gsl/2.7.1/lib -L/opt/homebrew/Cellar/boost/1.82.0_1/lib -lgsl -lgslcblas -lm conftest.c -lm  -lz  >&5
conftest.c:16:6: warning: incompatible redeclaration of library function 'cos' [-Wincompatible-library-redeclaration]
char cos ();
     ^
conftest.c:16:6: note: 'cos' is a builtin with type 'double (double)'
1 warning generated.
ld: warning: dylib (/opt/homebrew/Cellar/gsl/2.7.1/lib/libgslcblas.dylib) was built for newer macOS version (14.0) than being linked (13.3)
ld: warning: dylib (/opt/homebrew/Cellar/gsl/2.7.1/lib/libgsl.dylib) was built for newer macOS version (14.0) than being linked (13.3)
configure:5108: $? = 0
configure:5118: result: yes
configure:5128: checking for cblas_dgemm in -lgslcblas
configure:5151: gcc -o conftest -g -O2 -I/opt/homebrew/Cellar/gsl/2.7.1/include -I/opt/homebrew/Cellar/boost/1.82.0_1/include -L/opt/homebrew/Cellar/gsl/2.7.1/lib -L/opt/homebrew/Cellar/boost/1.82.0_1/lib -lgsl -lgslcblas -lm conftest.c -lgslcblas  -lm -lz  >&5
ld: warning: dylib (/opt/homebrew/Cellar/gsl/2.7.1/lib/libgslcblas.dylib) was built for newer macOS version (14.0) than being linked (13.3)
ld: warning: dylib (/opt/homebrew/Cellar/gsl/2.7.1/lib/libgsl.dylib) was built for newer macOS version (14.0) than being linked (13.3)
configure:5151: $? = 0
configure:5161: result: yes
configure:5173: checking for gsl_blas_dgemm in -lgsl
configure:5196: gcc -o conftest -g -O2 -I/opt/homebrew/Cellar/gsl/2.7.1/include -I/opt/homebrew/Cellar/boost/1.82.0_1/include -L/opt/homebrew/Cellar/gsl/2.7.1/lib -L/opt/homebrew/Cellar/boost/1.82.0_1/lib -lgsl -lgslcblas -lm conftest.c -lgsl  -lgslcblas -lm -lz  >&5
ld: warning: dylib (/opt/homebrew/Cellar/gsl/2.7.1/lib/libgslcblas.dylib) was built for newer macOS version (14.0) than being linked (13.3)
ld: warning: dylib (/opt/homebrew/Cellar/gsl/2.7.1/lib/libgsl.dylib) was built for newer macOS version (14.0) than being linked (13.3)
configure:5196: $? = 0
configure:5206: result: yes
configure:5308: checking for boostlib >= 1.42
configure:5377: g++ -c -g -O2 -I/opt/homebrew/Cellar/gsl/2.7.1/include -I/opt/homebrew/Cellar/boost/1.82.0_1/include  conftest.cpp >&5
configure:5377: $? = 0
configure:5380: result: yes
configure:5639: checking that generated files are newer than configure
configure:5645: result: done
configure:5672: creating ./config.status

## ---------------------- ##
## Running config.status. ##
## ---------------------- ##

This file was extended by gwas-pw config.status 0.02, which was
generated by GNU Autoconf 2.71.  Invocation command line was

  CONFIG_FILES    = 
  CONFIG_HEADERS  = 
  CONFIG_LINKS    = 
  CONFIG_COMMANDS = 
  $ ./config.status 

on Varuns-MBP-3.lan

config.status:851: creating Makefile
config.status:851: creating src/Makefile
config.status:851: creating config.h
config.status:1032: config.h is unchanged
config.status:1080: executing depfiles commands
config.status:1157: cd src       && sed -e '/# am--include-marker/d' Makefile         | make -f - am--depfiles
config.status:1162: $? = 0

## ---------------- ##
## Cache variables. ##
## ---------------- ##

ac_cv_c_compiler_gnu=yes
ac_cv_cxx_compiler_gnu=yes
ac_cv_env_CCC_set=
ac_cv_env_CCC_value=
ac_cv_env_CC_set=
ac_cv_env_CC_value=
ac_cv_env_CFLAGS_set=
ac_cv_env_CFLAGS_value=
ac_cv_env_CPPFLAGS_set=set
ac_cv_env_CPPFLAGS_value='-I/opt/homebrew/Cellar/gsl/2.7.1/include -I/opt/homebrew/Cellar/boost/1.82.0_1/include'
ac_cv_env_CXXFLAGS_set=
ac_cv_env_CXXFLAGS_value=
ac_cv_env_CXX_set=
ac_cv_env_CXX_value=
ac_cv_env_LDFLAGS_set=set
ac_cv_env_LDFLAGS_value='-L/opt/homebrew/Cellar/gsl/2.7.1/lib -L/opt/homebrew/Cellar/boost/1.82.0_1/lib -lgsl -lgslcblas -lm'
ac_cv_env_LIBS_set=
ac_cv_env_LIBS_value=
ac_cv_env_build_alias_set=
ac_cv_env_build_alias_value=
ac_cv_env_host_alias_set=
ac_cv_env_host_alias_value=
ac_cv_env_target_alias_set=
ac_cv_env_target_alias_value=
ac_cv_lib_gsl_gsl_blas_dgemm=yes
ac_cv_lib_gslcblas_cblas_dgemm=yes
ac_cv_lib_m_cos=yes
ac_cv_lib_z_gzopen=yes
ac_cv_objext=o
ac_cv_path_install='/usr/bin/install -c'
ac_cv_path_mkdir=/opt/homebrew/bin/gmkdir
ac_cv_prog_AWK=awk
ac_cv_prog_ac_ct_CC=gcc
ac_cv_prog_ac_ct_CXX=g++
ac_cv_prog_cc_c11=
ac_cv_prog_cc_g=yes
ac_cv_prog_cc_stdc=
ac_cv_prog_cxx_11=no
ac_cv_prog_cxx_g=yes
ac_cv_prog_cxx_stdcxx=
ac_cv_prog_make_make_set=yes
am_cv_CC_dependencies_compiler_type=gcc3
am_cv_CXX_dependencies_compiler_type=gcc3
am_cv_make_support_nested_variables=yes
am_cv_prog_cc_c_o=yes
am_cv_prog_tar_pax=gnutar

## ----------------- ##
## Output variables. ##
## ----------------- ##

ACLOCAL='${SHELL} '\''/Users/varundeepakgudhe/Documents/gwas-pw/missing'\'' aclocal-1.16'
AMDEPBACKSLASH='\'
AMDEP_FALSE='#'
AMDEP_TRUE=''
AMTAR='$${TAR-tar}'
AM_BACKSLASH='\'
AM_DEFAULT_V='$(AM_DEFAULT_VERBOSITY)'
AM_DEFAULT_VERBOSITY='1'
AM_V='$(V)'
AUTOCONF='${SHELL} '\''/Users/varundeepakgudhe/Documents/gwas-pw/missing'\'' autoconf'
AUTOHEADER='${SHELL} '\''/Users/varundeepakgudhe/Documents/gwas-pw/missing'\'' autoheader'
AUTOMAKE='${SHELL} '\''/Users/varundeepakgudhe/Documents/gwas-pw/missing'\'' automake-1.16'
AWK='awk'
BOOST_CPPFLAGS=''
BOOST_LDFLAGS=''
CC='gcc'
CCDEPMODE='depmode=gcc3'
CFLAGS='-g -O2'
CPPFLAGS='-I/opt/homebrew/Cellar/gsl/2.7.1/include -I/opt/homebrew/Cellar/boost/1.82.0_1/include '
CSCOPE='cscope'
CTAGS='ctags'
CXX='g++'
CXXDEPMODE='depmode=gcc3'
CXXFLAGS='-g -O2'
CYGPATH_W='echo'
DEFS='-DHAVE_CONFIG_H'
DEPDIR='.deps'
ECHO_C='\c'
ECHO_N=''
ECHO_T=''
ETAGS='etags'
EXEEXT=''
INSTALL_DATA='${INSTALL} -m 644'
INSTALL_PROGRAM='${INSTALL}'
INSTALL_SCRIPT='${INSTALL}'
INSTALL_STRIP_PROGRAM='$(install_sh) -c -s'
LDFLAGS='-L/opt/homebrew/Cellar/gsl/2.7.1/lib -L/opt/homebrew/Cellar/boost/1.82.0_1/lib -lgsl -lgslcblas -lm'
LIBOBJS=''
LIBS='-lgsl -lgslcblas -lm -lz '
LTLIBOBJS=''
MAKEINFO='${SHELL} '\''/Users/varundeepakgudhe/Documents/gwas-pw/missing'\'' makeinfo'
MKDIR_P='/opt/homebrew/bin/gmkdir -p'
OBJEXT='o'
PACKAGE='gwas-pw'
PACKAGE_BUGREPORT='joepickrell@gmail.com'
PACKAGE_NAME='gwas-pw'
PACKAGE_STRING='gwas-pw 0.02'
PACKAGE_TARNAME='gwas-pw'
PACKAGE_URL='https://github.com/joepickrell/gwas-pw'
PACKAGE_VERSION='0.02'
PATH_SEPARATOR=':'
SET_MAKE=''
SHELL='/bin/sh'
STRIP=''
VERSION='0.02'
ac_ct_CC='gcc'
ac_ct_CXX='g++'
am__EXEEXT_FALSE=''
am__EXEEXT_TRUE='#'
am__fastdepCC_FALSE='#'
am__fastdepCC_TRUE=''
am__fastdepCXX_FALSE='#'
am__fastdepCXX_TRUE=''
am__include='include'
am__isrc=''
am__leading_dot='.'
am__nodep='_no'
am__quote=''
am__tar='tar --format=posix -chf - "$$tardir"'
am__untar='tar -xf -'
bindir='${exec_prefix}/bin'
build_alias=''
datadir='${datarootdir}'
datarootdir='${prefix}/share'
docdir='${datarootdir}/doc/${PACKAGE_TARNAME}'
dvidir='${docdir}'
exec_prefix='${prefix}'
host_alias=''
htmldir='${docdir}'
includedir='${prefix}/include'
infodir='${datarootdir}/info'
install_sh='${SHELL} /Users/varundeepakgudhe/Documents/gwas-pw/install-sh'
libdir='${exec_prefix}/lib'
libexecdir='${exec_prefix}/libexec'
localedir='${datarootdir}/locale'
localstatedir='${prefix}/var'
mandir='${datarootdir}/man'
mkdir_p='$(MKDIR_P)'
oldincludedir='/usr/include'
pdfdir='${docdir}'
prefix='/usr/local'
program_transform_name='s,x,x,'
psdir='${docdir}'
runstatedir='${localstatedir}/run'
sbindir='${exec_prefix}/sbin'
sharedstatedir='${prefix}/com'
sysconfdir='${prefix}/etc'
target_alias=''

## ----------- ##
## confdefs.h. ##
## ----------- ##

/* confdefs.h */
#define PACKAGE_NAME "gwas-pw"
#define PACKAGE_TARNAME "gwas-pw"
#define PACKAGE_VERSION "0.02"
#define PACKAGE_STRING "gwas-pw 0.02"
#define PACKAGE_BUGREPORT "joepickrell@gmail.com"
#define PACKAGE_URL "https://github.com/joepickrell/gwas-pw"
#define PACKAGE "gwas-pw"
#define VERSION "0.02"
#define HAVE_LIBZ 1
#define HAVE_LIBM 1
#define HAVE_LIBGSLCBLAS 1
#define HAVE_LIBGSL 1
#define HAVE_BOOST /**/

configure: exit 0

## ---------------------- ##
## Running config.status. ##
## ---------------------- ##

This file was extended by gwas-pw config.status 0.02, which was
generated by GNU Autoconf 2.71.  Invocation command line was

  CONFIG_FILES    = 
  CONFIG_HEADERS  = 
  CONFIG_LINKS    = 
  CONFIG_COMMANDS = 
  $ ./config.status config.h

on Varuns-MBP-3.lan

config.status:851: creating config.h
config.status:1032: config.h is unchanged
